{"/Users/jasminechen/dev/cse112-sp22-group5/source/modules/break-reminder.js": {"path":"/Users/jasminechen/dev/cse112-sp22-group5/source/modules/break-reminder.js","statementMap":{"0":{"start":{"line":10,"column":21},"end":{"line":14,"column":177}},"1":{"start":{"line":16,"column":21},"end":{"line":16,"column":78}},"2":{"start":{"line":18,"column":4},"end":{"line":18,"column":68}},"3":{"start":{"line":19,"column":4},"end":{"line":19,"column":69}},"4":{"start":{"line":20,"column":4},"end":{"line":20,"column":55}},"5":{"start":{"line":23,"column":4},"end":{"line":51,"column":5}},"6":{"start":{"line":26,"column":12},"end":{"line":26,"column":69}},"7":{"start":{"line":27,"column":12},"end":{"line":27,"column":82}},"8":{"start":{"line":28,"column":12},"end":{"line":28,"column":76}},"9":{"start":{"line":29,"column":12},"end":{"line":29,"column":18}},"10":{"start":{"line":32,"column":12},"end":{"line":32,"column":105}},"11":{"start":{"line":33,"column":12},"end":{"line":33,"column":83}},"12":{"start":{"line":34,"column":12},"end":{"line":34,"column":77}},"13":{"start":{"line":35,"column":11},"end":{"line":35,"column":70}},"14":{"start":{"line":36,"column":12},"end":{"line":36,"column":18}},"15":{"start":{"line":39,"column":12},"end":{"line":39,"column":105}},"16":{"start":{"line":40,"column":12},"end":{"line":40,"column":83}},"17":{"start":{"line":41,"column":12},"end":{"line":41,"column":77}},"18":{"start":{"line":42,"column":12},"end":{"line":42,"column":71}},"19":{"start":{"line":43,"column":12},"end":{"line":43,"column":18}},"20":{"start":{"line":46,"column":12},"end":{"line":46,"column":69}},"21":{"start":{"line":47,"column":12},"end":{"line":47,"column":82}},"22":{"start":{"line":48,"column":12},"end":{"line":48,"column":76}},"23":{"start":{"line":49,"column":12},"end":{"line":49,"column":18}}},"fnMap":{"0":{"name":"breakReminders","decl":{"start":{"line":8,"column":9},"end":{"line":8,"column":23}},"loc":{"start":{"line":8,"column":25},"end":{"line":53,"column":1}},"line":8}},"branchMap":{"0":{"loc":{"start":{"line":23,"column":4},"end":{"line":51,"column":5}},"type":"switch","locations":[{"start":{"line":25,"column":8},"end":{"line":29,"column":18}},{"start":{"line":31,"column":8},"end":{"line":36,"column":18}},{"start":{"line":38,"column":8},"end":{"line":43,"column":18}},{"start":{"line":45,"column":8},"end":{"line":49,"column":18}}],"line":23}},"s":{"0":11,"1":11,"2":11,"3":11,"4":11,"5":11,"6":5,"7":5,"8":5,"9":5,"10":0,"11":0,"12":0,"13":0,"14":0,"15":6,"16":6,"17":6,"18":6,"19":6,"20":0,"21":0,"22":0,"23":0},"f":{"0":11},"b":{"0":[5,0,6,0]},"_coverageSchema":"1a1c01bbd47fc00a2c39e90264f33305004495a9","hash":"47cb54ec96cb7f9abac6f3af040ba353509cf0b0"}
,"/Users/jasminechen/dev/cse112-sp22-group5/source/modules/color-change.js": {"path":"/Users/jasminechen/dev/cse112-sp22-group5/source/modules/color-change.js","statementMap":{"0":{"start":{"line":9,"column":2},"end":{"line":34,"column":3}},"1":{"start":{"line":11,"column":6},"end":{"line":11,"column":54}},"2":{"start":{"line":13,"column":6},"end":{"line":13,"column":81}},"3":{"start":{"line":14,"column":6},"end":{"line":14,"column":86}},"4":{"start":{"line":15,"column":6},"end":{"line":15,"column":12}},"5":{"start":{"line":18,"column":6},"end":{"line":18,"column":55}},"6":{"start":{"line":20,"column":6},"end":{"line":20,"column":82}},"7":{"start":{"line":21,"column":6},"end":{"line":21,"column":12}},"8":{"start":{"line":24,"column":6},"end":{"line":24,"column":54}},"9":{"start":{"line":26,"column":6},"end":{"line":26,"column":81}},"10":{"start":{"line":27,"column":6},"end":{"line":27,"column":12}},"11":{"start":{"line":30,"column":6},"end":{"line":30,"column":54}},"12":{"start":{"line":32,"column":6},"end":{"line":32,"column":81}},"13":{"start":{"line":33,"column":6},"end":{"line":33,"column":12}}},"fnMap":{"0":{"name":"colorChange","decl":{"start":{"line":8,"column":9},"end":{"line":8,"column":20}},"loc":{"start":{"line":8,"column":23},"end":{"line":35,"column":1}},"line":8}},"branchMap":{"0":{"loc":{"start":{"line":9,"column":2},"end":{"line":34,"column":3}},"type":"switch","locations":[{"start":{"line":10,"column":4},"end":{"line":15,"column":12}},{"start":{"line":17,"column":4},"end":{"line":21,"column":12}},{"start":{"line":23,"column":4},"end":{"line":27,"column":12}},{"start":{"line":29,"column":4},"end":{"line":33,"column":12}}],"line":9}},"s":{"0":11,"1":5,"2":5,"3":5,"4":5,"5":0,"6":0,"7":0,"8":6,"9":6,"10":6,"11":0,"12":0,"13":0},"f":{"0":11},"b":{"0":[5,0,6,0]},"_coverageSchema":"1a1c01bbd47fc00a2c39e90264f33305004495a9","hash":"925cca540a2f6b4ca567f8aa3d5f351908ea9b72"}
,"/Users/jasminechen/dev/cse112-sp22-group5/source/modules/notifications.js": {"path":"/Users/jasminechen/dev/cse112-sp22-group5/source/modules/notifications.js","statementMap":{"0":{"start":{"line":2,"column":12},"end":{"line":2,"column":57}},"1":{"start":{"line":11,"column":4},"end":{"line":11,"column":17}},"2":{"start":{"line":21,"column":19},"end":{"line":21,"column":64}},"3":{"start":{"line":22,"column":4},"end":{"line":22,"column":73}},"4":{"start":{"line":24,"column":4},"end":{"line":24,"column":71}},"5":{"start":{"line":26,"column":4},"end":{"line":26,"column":17}},"6":{"start":{"line":28,"column":4},"end":{"line":28,"column":48}},"7":{"start":{"line":28,"column":26},"end":{"line":28,"column":39}},"8":{"start":{"line":30,"column":4},"end":{"line":30,"column":48}},"9":{"start":{"line":30,"column":26},"end":{"line":30,"column":39}},"10":{"start":{"line":43,"column":16},"end":{"line":43,"column":28}},"11":{"start":{"line":44,"column":15},"end":{"line":44,"column":186}},"12":{"start":{"line":45,"column":15},"end":{"line":45,"column":17}},"13":{"start":{"line":48,"column":4},"end":{"line":56,"column":5}},"14":{"start":{"line":49,"column":8},"end":{"line":49,"column":74}},"15":{"start":{"line":51,"column":9},"end":{"line":56,"column":5}},"16":{"start":{"line":52,"column":8},"end":{"line":52,"column":75}},"17":{"start":{"line":54,"column":9},"end":{"line":56,"column":5}},"18":{"start":{"line":55,"column":8},"end":{"line":55,"column":64}},"19":{"start":{"line":58,"column":4},"end":{"line":66,"column":5}},"20":{"start":{"line":60,"column":24},"end":{"line":60,"column":60}},"21":{"start":{"line":63,"column":8},"end":{"line":65,"column":17}},"22":{"start":{"line":64,"column":12},"end":{"line":64,"column":30}},"23":{"start":{"line":68,"column":4},"end":{"line":68,"column":16}},"24":{"start":{"line":78,"column":4},"end":{"line":80,"column":5}},"25":{"start":{"line":79,"column":8},"end":{"line":79,"column":21}},"26":{"start":{"line":82,"column":4},"end":{"line":91,"column":5}},"27":{"start":{"line":83,"column":8},"end":{"line":83,"column":20}},"28":{"start":{"line":85,"column":9},"end":{"line":91,"column":5}},"29":{"start":{"line":86,"column":8},"end":{"line":86,"column":41}},"30":{"start":{"line":87,"column":8},"end":{"line":87,"column":39}},"31":{"start":{"line":90,"column":8},"end":{"line":90,"column":21}}},"fnMap":{"0":{"name":"getAlarm","decl":{"start":{"line":10,"column":9},"end":{"line":10,"column":17}},"loc":{"start":{"line":10,"column":19},"end":{"line":12,"column":1}},"line":10},"1":{"name":"playSound","decl":{"start":{"line":19,"column":9},"end":{"line":19,"column":18}},"loc":{"start":{"line":19,"column":20},"end":{"line":32,"column":1}},"line":19},"2":{"name":"(anonymous_2)","decl":{"start":{"line":28,"column":15},"end":{"line":28,"column":16}},"loc":{"start":{"line":28,"column":25},"end":{"line":28,"column":40}},"line":28},"3":{"name":"(anonymous_3)","decl":{"start":{"line":30,"column":15},"end":{"line":30,"column":16}},"loc":{"start":{"line":30,"column":25},"end":{"line":30,"column":40}},"line":30},"4":{"name":"showNotif","decl":{"start":{"line":41,"column":9},"end":{"line":41,"column":18}},"loc":{"start":{"line":41,"column":31},"end":{"line":69,"column":1}},"line":41},"5":{"name":"(anonymous_5)","decl":{"start":{"line":63,"column":19},"end":{"line":63,"column":20}},"loc":{"start":{"line":63,"column":25},"end":{"line":65,"column":9}},"line":63},"6":{"name":"getNotificationStatus","decl":{"start":{"line":77,"column":9},"end":{"line":77,"column":30}},"loc":{"start":{"line":77,"column":32},"end":{"line":92,"column":1}},"line":77}},"branchMap":{"0":{"loc":{"start":{"line":48,"column":4},"end":{"line":56,"column":5}},"type":"if","locations":[{"start":{"line":48,"column":4},"end":{"line":56,"column":5}},{"start":{"line":48,"column":4},"end":{"line":56,"column":5}}],"line":48},"1":{"loc":{"start":{"line":51,"column":9},"end":{"line":56,"column":5}},"type":"if","locations":[{"start":{"line":51,"column":9},"end":{"line":56,"column":5}},{"start":{"line":51,"column":9},"end":{"line":56,"column":5}}],"line":51},"2":{"loc":{"start":{"line":54,"column":9},"end":{"line":56,"column":5}},"type":"if","locations":[{"start":{"line":54,"column":9},"end":{"line":56,"column":5}},{"start":{"line":54,"column":9},"end":{"line":56,"column":5}}],"line":54},"3":{"loc":{"start":{"line":58,"column":4},"end":{"line":66,"column":5}},"type":"if","locations":[{"start":{"line":58,"column":4},"end":{"line":66,"column":5}},{"start":{"line":58,"column":4},"end":{"line":66,"column":5}}],"line":58},"4":{"loc":{"start":{"line":78,"column":4},"end":{"line":80,"column":5}},"type":"if","locations":[{"start":{"line":78,"column":4},"end":{"line":80,"column":5}},{"start":{"line":78,"column":4},"end":{"line":80,"column":5}}],"line":78},"5":{"loc":{"start":{"line":82,"column":4},"end":{"line":91,"column":5}},"type":"if","locations":[{"start":{"line":82,"column":4},"end":{"line":91,"column":5}},{"start":{"line":82,"column":4},"end":{"line":91,"column":5}}],"line":82},"6":{"loc":{"start":{"line":85,"column":9},"end":{"line":91,"column":5}},"type":"if","locations":[{"start":{"line":85,"column":9},"end":{"line":91,"column":5}},{"start":{"line":85,"column":9},"end":{"line":91,"column":5}}],"line":85}},"s":{"0":1,"1":0,"2":0,"3":0,"4":0,"5":0,"6":0,"7":0,"8":0,"9":0,"10":0,"11":0,"12":0,"13":0,"14":0,"15":0,"16":0,"17":0,"18":0,"19":0,"20":0,"21":0,"22":0,"23":0,"24":0,"25":0,"26":0,"27":0,"28":0,"29":0,"30":0,"31":0},"f":{"0":0,"1":0,"2":0,"3":0,"4":0,"5":0,"6":0},"b":{"0":[0,0],"1":[0,0],"2":[0,0],"3":[0,0],"4":[0,0],"5":[0,0],"6":[0,0]},"_coverageSchema":"1a1c01bbd47fc00a2c39e90264f33305004495a9","hash":"b58342183e1b7079470b6408827d9e9e7cd5dcaf"}
,"/Users/jasminechen/dev/cse112-sp22-group5/source/modules/progress-bar.js": {"path":"/Users/jasminechen/dev/cse112-sp22-group5/source/modules/progress-bar.js","statementMap":{"0":{"start":{"line":3,"column":15},"end":{"line":3,"column":50}},"1":{"start":{"line":5,"column":14},"end":{"line":5,"column":50}},"2":{"start":{"line":8,"column":22},"end":{"line":8,"column":23}},"3":{"start":{"line":16,"column":2},"end":{"line":16,"column":20}},"4":{"start":{"line":17,"column":2},"end":{"line":17,"column":11}},"5":{"start":{"line":18,"column":2},"end":{"line":20,"column":3}},"6":{"start":{"line":19,"column":4},"end":{"line":19,"column":12}},"7":{"start":{"line":29,"column":2},"end":{"line":33,"column":5}},"8":{"start":{"line":30,"column":4},"end":{"line":32,"column":5}},"9":{"start":{"line":31,"column":6},"end":{"line":31,"column":39}},"10":{"start":{"line":42,"column":2},"end":{"line":44,"column":5}},"11":{"start":{"line":43,"column":4},"end":{"line":43,"column":40}},"12":{"start":{"line":45,"column":2},"end":{"line":45,"column":22}}},"fnMap":{"0":{"name":"progressBar","decl":{"start":{"line":15,"column":9},"end":{"line":15,"column":20}},"loc":{"start":{"line":15,"column":23},"end":{"line":21,"column":1}},"line":15},"1":{"name":"update","decl":{"start":{"line":28,"column":9},"end":{"line":28,"column":15}},"loc":{"start":{"line":28,"column":18},"end":{"line":34,"column":1}},"line":28},"2":{"name":"(anonymous_2)","decl":{"start":{"line":29,"column":18},"end":{"line":29,"column":19}},"loc":{"start":{"line":29,"column":34},"end":{"line":33,"column":3}},"line":29},"3":{"name":"reset","decl":{"start":{"line":41,"column":9},"end":{"line":41,"column":14}},"loc":{"start":{"line":41,"column":17},"end":{"line":46,"column":1}},"line":41},"4":{"name":"(anonymous_4)","decl":{"start":{"line":42,"column":18},"end":{"line":42,"column":19}},"loc":{"start":{"line":42,"column":30},"end":{"line":44,"column":3}},"line":42}},"branchMap":{"0":{"loc":{"start":{"line":18,"column":2},"end":{"line":20,"column":3}},"type":"if","locations":[{"start":{"line":18,"column":2},"end":{"line":20,"column":3}},{"start":{"line":18,"column":2},"end":{"line":20,"column":3}}],"line":18},"1":{"loc":{"start":{"line":30,"column":4},"end":{"line":32,"column":5}},"type":"if","locations":[{"start":{"line":30,"column":4},"end":{"line":32,"column":5}},{"start":{"line":30,"column":4},"end":{"line":32,"column":5}}],"line":30}},"s":{"0":1,"1":1,"2":1,"3":11,"4":11,"5":11,"6":0,"7":11,"8":0,"9":0,"10":1,"11":0,"12":1},"f":{"0":11,"1":11,"2":0,"3":1,"4":0},"b":{"0":[0,11],"1":[0,0]},"_coverageSchema":"1a1c01bbd47fc00a2c39e90264f33305004495a9","hash":"6bd3bd1546ad901c2a5efc32701f30d615143670"}
,"/Users/jasminechen/dev/cse112-sp22-group5/source/modules/timer.js": {"path":"/Users/jasminechen/dev/cse112-sp22-group5/source/modules/timer.js","statementMap":{"0":{"start":{"line":8,"column":16},"end":{"line":8,"column":18}},"1":{"start":{"line":10,"column":17},"end":{"line":10,"column":18}},"2":{"start":{"line":12,"column":16},"end":{"line":12,"column":18}},"3":{"start":{"line":16,"column":15},"end":{"line":16,"column":22}},"4":{"start":{"line":18,"column":18},"end":{"line":18,"column":27}},"5":{"start":{"line":20,"column":21},"end":{"line":20,"column":32}},"6":{"start":{"line":22,"column":23},"end":{"line":22,"column":28}},"7":{"start":{"line":26,"column":17},"end":{"line":26,"column":29}},"8":{"start":{"line":28,"column":18},"end":{"line":28,"column":37}},"9":{"start":{"line":30,"column":17},"end":{"line":30,"column":35}},"10":{"start":{"line":34,"column":9},"end":{"line":34,"column":13}},"11":{"start":{"line":36,"column":14},"end":{"line":36,"column":16}},"12":{"start":{"line":40,"column":16},"end":{"line":40,"column":17}},"13":{"start":{"line":42,"column":15},"end":{"line":42,"column":16}},"14":{"start":{"line":64,"column":12},"end":{"line":77,"column":1}},"15":{"start":{"line":86,"column":4},"end":{"line":117,"column":5}},"16":{"start":{"line":87,"column":8},"end":{"line":87,"column":37}},"17":{"start":{"line":88,"column":8},"end":{"line":88,"column":49}},"18":{"start":{"line":89,"column":8},"end":{"line":89,"column":64}},"19":{"start":{"line":90,"column":8},"end":{"line":90,"column":79}},"20":{"start":{"line":95,"column":8},"end":{"line":116,"column":9}},"21":{"start":{"line":96,"column":12},"end":{"line":96,"column":41}},"22":{"start":{"line":97,"column":12},"end":{"line":97,"column":53}},"23":{"start":{"line":98,"column":12},"end":{"line":98,"column":68}},"24":{"start":{"line":99,"column":12},"end":{"line":100,"column":34}},"25":{"start":{"line":101,"column":12},"end":{"line":101,"column":68}},"26":{"start":{"line":105,"column":12},"end":{"line":105,"column":42}},"27":{"start":{"line":106,"column":12},"end":{"line":106,"column":54}},"28":{"start":{"line":107,"column":12},"end":{"line":107,"column":69}},"29":{"start":{"line":108,"column":12},"end":{"line":109,"column":35}},"30":{"start":{"line":111,"column":12},"end":{"line":114,"column":13}},"31":{"start":{"line":112,"column":27},"end":{"line":112,"column":77}},"32":{"start":{"line":113,"column":16},"end":{"line":113,"column":80}},"33":{"start":{"line":115,"column":12},"end":{"line":115,"column":68}},"34":{"start":{"line":118,"column":4},"end":{"line":118,"column":18}},"35":{"start":{"line":128,"column":4},"end":{"line":162,"column":5}},"36":{"start":{"line":131,"column":8},"end":{"line":148,"column":9}},"37":{"start":{"line":132,"column":12},"end":{"line":132,"column":41}},"38":{"start":{"line":133,"column":12},"end":{"line":133,"column":68}},"39":{"start":{"line":134,"column":12},"end":{"line":135,"column":34}},"40":{"start":{"line":139,"column":12},"end":{"line":139,"column":42}},"41":{"start":{"line":140,"column":12},"end":{"line":140,"column":69}},"42":{"start":{"line":141,"column":12},"end":{"line":142,"column":35}},"43":{"start":{"line":143,"column":23},"end":{"line":143,"column":73}},"44":{"start":{"line":144,"column":12},"end":{"line":147,"column":13}},"45":{"start":{"line":145,"column":16},"end":{"line":145,"column":34}},"46":{"start":{"line":146,"column":16},"end":{"line":146,"column":74}},"47":{"start":{"line":149,"column":8},"end":{"line":149,"column":64}},"48":{"start":{"line":154,"column":8},"end":{"line":154,"column":37}},"49":{"start":{"line":155,"column":8},"end":{"line":155,"column":64}},"50":{"start":{"line":156,"column":8},"end":{"line":156,"column":79}},"51":{"start":{"line":157,"column":8},"end":{"line":157,"column":64}},"52":{"start":{"line":159,"column":8},"end":{"line":161,"column":9}},"53":{"start":{"line":160,"column":12},"end":{"line":160,"column":70}},"54":{"start":{"line":163,"column":4},"end":{"line":163,"column":18}},"55":{"start":{"line":164,"column":4},"end":{"line":164,"column":21}},"56":{"start":{"line":165,"column":4},"end":{"line":165,"column":18}},"57":{"start":{"line":175,"column":16},"end":{"line":175,"column":26}},"58":{"start":{"line":187,"column":8},"end":{"line":187,"column":60}},"59":{"start":{"line":190,"column":8},"end":{"line":190,"column":39}},"60":{"start":{"line":191,"column":8},"end":{"line":191,"column":39}},"61":{"start":{"line":194,"column":8},"end":{"line":194,"column":57}},"62":{"start":{"line":195,"column":8},"end":{"line":195,"column":57}},"63":{"start":{"line":197,"column":8},"end":{"line":198,"column":36}},"64":{"start":{"line":200,"column":8},"end":{"line":200,"column":62}},"65":{"start":{"line":202,"column":8},"end":{"line":227,"column":9}},"66":{"start":{"line":203,"column":12},"end":{"line":203,"column":35}},"67":{"start":{"line":206,"column":12},"end":{"line":214,"column":13}},"68":{"start":{"line":207,"column":16},"end":{"line":207,"column":39}},"69":{"start":{"line":208,"column":16},"end":{"line":208,"column":83}},"70":{"start":{"line":210,"column":16},"end":{"line":210,"column":43}},"71":{"start":{"line":211,"column":16},"end":{"line":211,"column":86}},"72":{"start":{"line":213,"column":16},"end":{"line":213,"column":90}},"73":{"start":{"line":217,"column":12},"end":{"line":217,"column":69}},"74":{"start":{"line":218,"column":12},"end":{"line":218,"column":37}},"75":{"start":{"line":221,"column":12},"end":{"line":221,"column":26}},"76":{"start":{"line":222,"column":12},"end":{"line":222,"column":39}},"77":{"start":{"line":223,"column":24},"end":{"line":223,"column":69}},"78":{"start":{"line":224,"column":12},"end":{"line":226,"column":13}},"79":{"start":{"line":225,"column":16},"end":{"line":225,"column":28}},"80":{"start":{"line":228,"column":8},"end":{"line":232,"column":9}},"81":{"start":{"line":231,"column":12},"end":{"line":231,"column":38}},"82":{"start":{"line":235,"column":4},"end":{"line":235,"column":21}},"83":{"start":{"line":236,"column":4},"end":{"line":236,"column":46}},"84":{"start":{"line":244,"column":16},"end":{"line":244,"column":52}},"85":{"start":{"line":245,"column":17},"end":{"line":245,"column":60}},"86":{"start":{"line":246,"column":17},"end":{"line":246,"column":59}},"87":{"start":{"line":247,"column":18},"end":{"line":247,"column":52}},"88":{"start":{"line":249,"column":4},"end":{"line":259,"column":3}},"89":{"start":{"line":251,"column":6},"end":{"line":251,"column":76}},"90":{"start":{"line":252,"column":6},"end":{"line":252,"column":38}},"91":{"start":{"line":255,"column":6},"end":{"line":255,"column":41}},"92":{"start":{"line":256,"column":6},"end":{"line":256,"column":43}},"93":{"start":{"line":257,"column":6},"end":{"line":257,"column":42}},"94":{"start":{"line":258,"column":6},"end":{"line":258,"column":13}},"95":{"start":{"line":262,"column":4},"end":{"line":262,"column":35}},"96":{"start":{"line":265,"column":4},"end":{"line":265,"column":36}},"97":{"start":{"line":266,"column":4},"end":{"line":266,"column":75}},"98":{"start":{"line":267,"column":4},"end":{"line":267,"column":38}},"99":{"start":{"line":268,"column":4},"end":{"line":268,"column":37}},"100":{"start":{"line":277,"column":4},"end":{"line":277,"column":28}},"101":{"start":{"line":278,"column":4},"end":{"line":278,"column":72}},"102":{"start":{"line":281,"column":4},"end":{"line":281,"column":112}},"103":{"start":{"line":282,"column":4},"end":{"line":282,"column":63}},"104":{"start":{"line":284,"column":4},"end":{"line":284,"column":60}},"105":{"start":{"line":285,"column":4},"end":{"line":285,"column":61}},"106":{"start":{"line":287,"column":4},"end":{"line":287,"column":17}},"107":{"start":{"line":288,"column":4},"end":{"line":288,"column":36}},"108":{"start":{"line":297,"column":4},"end":{"line":297,"column":60}},"109":{"start":{"line":298,"column":4},"end":{"line":298,"column":61}},"110":{"start":{"line":299,"column":4},"end":{"line":299,"column":62}},"111":{"start":{"line":300,"column":4},"end":{"line":300,"column":78}},"112":{"start":{"line":301,"column":4},"end":{"line":301,"column":29}},"113":{"start":{"line":302,"column":4},"end":{"line":303,"column":41}},"114":{"start":{"line":304,"column":4},"end":{"line":304,"column":27}},"115":{"start":{"line":305,"column":4},"end":{"line":305,"column":17}},"116":{"start":{"line":316,"column":4},"end":{"line":316,"column":58}},"117":{"start":{"line":324,"column":4},"end":{"line":324,"column":54}},"118":{"start":{"line":326,"column":4},"end":{"line":328,"column":5}},"119":{"start":{"line":327,"column":8},"end":{"line":327,"column":66}},"120":{"start":{"line":329,"column":4},"end":{"line":329,"column":64}},"121":{"start":{"line":339,"column":4},"end":{"line":363,"column":5}},"122":{"start":{"line":340,"column":8},"end":{"line":351,"column":9}},"123":{"start":{"line":342,"column":12},"end":{"line":350,"column":13}},"124":{"start":{"line":343,"column":16},"end":{"line":343,"column":26}},"125":{"start":{"line":347,"column":16},"end":{"line":349,"column":17}},"126":{"start":{"line":348,"column":20},"end":{"line":348,"column":30}},"127":{"start":{"line":353,"column":8},"end":{"line":356,"column":9}},"128":{"start":{"line":354,"column":25},"end":{"line":354,"column":70}},"129":{"start":{"line":355,"column":12},"end":{"line":355,"column":82}},"130":{"start":{"line":357,"column":8},"end":{"line":360,"column":9}},"131":{"start":{"line":358,"column":25},"end":{"line":358,"column":70}},"132":{"start":{"line":359,"column":12},"end":{"line":359,"column":82}},"133":{"start":{"line":362,"column":8},"end":{"line":362,"column":31}},"134":{"start":{"line":372,"column":4},"end":{"line":395,"column":5}},"135":{"start":{"line":373,"column":8},"end":{"line":373,"column":32}},"136":{"start":{"line":374,"column":8},"end":{"line":374,"column":20}},"137":{"start":{"line":375,"column":8},"end":{"line":375,"column":39}},"138":{"start":{"line":378,"column":8},"end":{"line":394,"column":25}},"139":{"start":{"line":379,"column":12},"end":{"line":379,"column":40}},"140":{"start":{"line":380,"column":12},"end":{"line":380,"column":37}},"141":{"start":{"line":381,"column":12},"end":{"line":393,"column":13}},"142":{"start":{"line":383,"column":20},"end":{"line":383,"column":42}},"143":{"start":{"line":384,"column":20},"end":{"line":384,"column":26}},"144":{"start":{"line":386,"column":20},"end":{"line":386,"column":45}},"145":{"start":{"line":387,"column":20},"end":{"line":387,"column":26}},"146":{"start":{"line":389,"column":20},"end":{"line":389,"column":48}},"147":{"start":{"line":390,"column":20},"end":{"line":390,"column":26}},"148":{"start":{"line":392,"column":20},"end":{"line":392,"column":51}}},"fnMap":{"0":{"name":"checkState","decl":{"start":{"line":84,"column":9},"end":{"line":84,"column":19}},"loc":{"start":{"line":84,"column":22},"end":{"line":119,"column":1}},"line":84},"1":{"name":"updateState","decl":{"start":{"line":126,"column":9},"end":{"line":126,"column":20}},"loc":{"start":{"line":126,"column":23},"end":{"line":166,"column":1}},"line":126},"2":{"name":"updateTimer","decl":{"start":{"line":174,"column":9},"end":{"line":174,"column":20}},"loc":{"start":{"line":174,"column":31},"end":{"line":237,"column":1}},"line":174},"3":{"name":"timerCountdown","decl":{"start":{"line":185,"column":13},"end":{"line":185,"column":27}},"loc":{"start":{"line":185,"column":30},"end":{"line":233,"column":5}},"line":185},"4":{"name":"setCustomTime","decl":{"start":{"line":243,"column":9},"end":{"line":243,"column":22}},"loc":{"start":{"line":243,"column":25},"end":{"line":269,"column":1}},"line":243},"5":{"name":"onStart","decl":{"start":{"line":276,"column":9},"end":{"line":276,"column":16}},"loc":{"start":{"line":276,"column":19},"end":{"line":289,"column":1}},"line":276},"6":{"name":"onReset","decl":{"start":{"line":296,"column":9},"end":{"line":296,"column":16}},"loc":{"start":{"line":296,"column":19},"end":{"line":308,"column":1}},"line":296},"7":{"name":"revealSettings","decl":{"start":{"line":315,"column":9},"end":{"line":315,"column":23}},"loc":{"start":{"line":315,"column":26},"end":{"line":317,"column":1}},"line":315},"8":{"name":"hideSettings","decl":{"start":{"line":323,"column":9},"end":{"line":323,"column":21}},"loc":{"start":{"line":323,"column":24},"end":{"line":330,"column":1}},"line":323},"9":{"name":"keyboardShortcut","decl":{"start":{"line":338,"column":9},"end":{"line":338,"column":25}},"loc":{"start":{"line":338,"column":33},"end":{"line":364,"column":1}},"line":338},"10":{"name":"customizeKey","decl":{"start":{"line":370,"column":9},"end":{"line":370,"column":21}},"loc":{"start":{"line":370,"column":24},"end":{"line":396,"column":1}},"line":370},"11":{"name":"(anonymous_11)","decl":{"start":{"line":378,"column":45},"end":{"line":378,"column":46}},"loc":{"start":{"line":378,"column":54},"end":{"line":394,"column":9}},"line":378}},"branchMap":{"0":{"loc":{"start":{"line":86,"column":4},"end":{"line":117,"column":5}},"type":"if","locations":[{"start":{"line":86,"column":4},"end":{"line":117,"column":5}},{"start":{"line":86,"column":4},"end":{"line":117,"column":5}}],"line":86},"1":{"loc":{"start":{"line":95,"column":8},"end":{"line":116,"column":9}},"type":"if","locations":[{"start":{"line":95,"column":8},"end":{"line":116,"column":9}},{"start":{"line":95,"column":8},"end":{"line":116,"column":9}}],"line":95},"2":{"loc":{"start":{"line":111,"column":12},"end":{"line":114,"column":13}},"type":"if","locations":[{"start":{"line":111,"column":12},"end":{"line":114,"column":13}},{"start":{"line":111,"column":12},"end":{"line":114,"column":13}}],"line":111},"3":{"loc":{"start":{"line":128,"column":4},"end":{"line":162,"column":5}},"type":"if","locations":[{"start":{"line":128,"column":4},"end":{"line":162,"column":5}},{"start":{"line":128,"column":4},"end":{"line":162,"column":5}}],"line":128},"4":{"loc":{"start":{"line":131,"column":8},"end":{"line":148,"column":9}},"type":"if","locations":[{"start":{"line":131,"column":8},"end":{"line":148,"column":9}},{"start":{"line":131,"column":8},"end":{"line":148,"column":9}}],"line":131},"5":{"loc":{"start":{"line":144,"column":12},"end":{"line":147,"column":13}},"type":"if","locations":[{"start":{"line":144,"column":12},"end":{"line":147,"column":13}},{"start":{"line":144,"column":12},"end":{"line":147,"column":13}}],"line":144},"6":{"loc":{"start":{"line":159,"column":8},"end":{"line":161,"column":9}},"type":"if","locations":[{"start":{"line":159,"column":8},"end":{"line":161,"column":9}},{"start":{"line":159,"column":8},"end":{"line":161,"column":9}}],"line":159},"7":{"loc":{"start":{"line":194,"column":18},"end":{"line":194,"column":56}},"type":"cond-expr","locations":[{"start":{"line":194,"column":33},"end":{"line":194,"column":46}},{"start":{"line":194,"column":49},"end":{"line":194,"column":56}}],"line":194},"8":{"loc":{"start":{"line":195,"column":18},"end":{"line":195,"column":56}},"type":"cond-expr","locations":[{"start":{"line":195,"column":33},"end":{"line":195,"column":46}},{"start":{"line":195,"column":49},"end":{"line":195,"column":56}}],"line":195},"9":{"loc":{"start":{"line":202,"column":8},"end":{"line":227,"column":9}},"type":"if","locations":[{"start":{"line":202,"column":8},"end":{"line":227,"column":9}},{"start":{"line":202,"column":8},"end":{"line":227,"column":9}}],"line":202},"10":{"loc":{"start":{"line":202,"column":11},"end":{"line":202,"column":39}},"type":"binary-expr","locations":[{"start":{"line":202,"column":11},"end":{"line":202,"column":23}},{"start":{"line":202,"column":27},"end":{"line":202,"column":39}}],"line":202},"11":{"loc":{"start":{"line":206,"column":12},"end":{"line":214,"column":13}},"type":"if","locations":[{"start":{"line":206,"column":12},"end":{"line":214,"column":13}},{"start":{"line":206,"column":12},"end":{"line":214,"column":13}}],"line":206},"12":{"loc":{"start":{"line":224,"column":12},"end":{"line":226,"column":13}},"type":"if","locations":[{"start":{"line":224,"column":12},"end":{"line":226,"column":13}},{"start":{"line":224,"column":12},"end":{"line":226,"column":13}}],"line":224},"13":{"loc":{"start":{"line":228,"column":8},"end":{"line":232,"column":9}},"type":"if","locations":[{"start":{"line":228,"column":8},"end":{"line":232,"column":9}},{"start":{"line":228,"column":8},"end":{"line":232,"column":9}}],"line":228},"14":{"loc":{"start":{"line":249,"column":4},"end":{"line":259,"column":3}},"type":"if","locations":[{"start":{"line":249,"column":4},"end":{"line":259,"column":3}},{"start":{"line":249,"column":4},"end":{"line":259,"column":3}}],"line":249},"15":{"loc":{"start":{"line":249,"column":7},"end":{"line":249,"column":97}},"type":"binary-expr","locations":[{"start":{"line":249,"column":7},"end":{"line":249,"column":50}},{"start":{"line":249,"column":54},"end":{"line":249,"column":97}}],"line":249},"16":{"loc":{"start":{"line":326,"column":4},"end":{"line":328,"column":5}},"type":"if","locations":[{"start":{"line":326,"column":4},"end":{"line":328,"column":5}},{"start":{"line":326,"column":4},"end":{"line":328,"column":5}}],"line":326},"17":{"loc":{"start":{"line":339,"column":4},"end":{"line":363,"column":5}},"type":"if","locations":[{"start":{"line":339,"column":4},"end":{"line":363,"column":5}},{"start":{"line":339,"column":4},"end":{"line":363,"column":5}}],"line":339},"18":{"loc":{"start":{"line":340,"column":8},"end":{"line":351,"column":9}},"type":"if","locations":[{"start":{"line":340,"column":8},"end":{"line":351,"column":9}},{"start":{"line":340,"column":8},"end":{"line":351,"column":9}}],"line":340},"19":{"loc":{"start":{"line":342,"column":12},"end":{"line":350,"column":13}},"type":"if","locations":[{"start":{"line":342,"column":12},"end":{"line":350,"column":13}},{"start":{"line":342,"column":12},"end":{"line":350,"column":13}}],"line":342},"20":{"loc":{"start":{"line":347,"column":16},"end":{"line":349,"column":17}},"type":"if","locations":[{"start":{"line":347,"column":16},"end":{"line":349,"column":17}},{"start":{"line":347,"column":16},"end":{"line":349,"column":17}}],"line":347},"21":{"loc":{"start":{"line":353,"column":8},"end":{"line":356,"column":9}},"type":"if","locations":[{"start":{"line":353,"column":8},"end":{"line":356,"column":9}},{"start":{"line":353,"column":8},"end":{"line":356,"column":9}}],"line":353},"22":{"loc":{"start":{"line":357,"column":8},"end":{"line":360,"column":9}},"type":"if","locations":[{"start":{"line":357,"column":8},"end":{"line":360,"column":9}},{"start":{"line":357,"column":8},"end":{"line":360,"column":9}}],"line":357},"23":{"loc":{"start":{"line":372,"column":4},"end":{"line":395,"column":5}},"type":"if","locations":[{"start":{"line":372,"column":4},"end":{"line":395,"column":5}},{"start":{"line":372,"column":4},"end":{"line":395,"column":5}}],"line":372},"24":{"loc":{"start":{"line":381,"column":12},"end":{"line":393,"column":13}},"type":"switch","locations":[{"start":{"line":382,"column":16},"end":{"line":384,"column":26}},{"start":{"line":385,"column":16},"end":{"line":387,"column":26}},{"start":{"line":388,"column":16},"end":{"line":390,"column":26}},{"start":{"line":391,"column":16},"end":{"line":392,"column":51}}],"line":381}},"s":{"0":1,"1":1,"2":1,"3":1,"4":1,"5":1,"6":1,"7":1,"8":1,"9":1,"10":1,"11":1,"12":1,"13":1,"14":1,"15":0,"16":0,"17":0,"18":0,"19":0,"20":0,"21":0,"22":0,"23":0,"24":0,"25":0,"26":0,"27":0,"28":0,"29":0,"30":0,"31":0,"32":0,"33":0,"34":0,"35":11,"36":6,"37":6,"38":6,"39":6,"40":0,"41":0,"42":0,"43":0,"44":0,"45":0,"46":0,"47":6,"48":5,"49":5,"50":5,"51":5,"52":5,"53":0,"54":11,"55":11,"56":11,"57":0,"58":0,"59":0,"60":0,"61":0,"62":0,"63":0,"64":0,"65":0,"66":0,"67":0,"68":0,"69":0,"70":0,"71":0,"72":0,"73":0,"74":0,"75":0,"76":0,"77":0,"78":0,"79":0,"80":0,"81":0,"82":0,"83":0,"84":0,"85":0,"86":0,"87":0,"88":0,"89":0,"90":0,"91":0,"92":0,"93":0,"94":0,"95":0,"96":0,"97":0,"98":0,"99":0,"100":0,"101":0,"102":0,"103":0,"104":0,"105":0,"106":0,"107":0,"108":0,"109":0,"110":0,"111":0,"112":0,"113":0,"114":0,"115":0,"116":0,"117":0,"118":0,"119":0,"120":0,"121":0,"122":0,"123":0,"124":0,"125":0,"126":0,"127":0,"128":0,"129":0,"130":0,"131":0,"132":0,"133":0,"134":0,"135":0,"136":0,"137":0,"138":0,"139":0,"140":0,"141":0,"142":0,"143":0,"144":0,"145":0,"146":0,"147":0,"148":0},"f":{"0":0,"1":11,"2":0,"3":0,"4":0,"5":0,"6":0,"7":0,"8":0,"9":0,"10":0,"11":0},"b":{"0":[0,0],"1":[0,0],"2":[0,0],"3":[6,5],"4":[6,0],"5":[0,0],"6":[0,5],"7":[0,0],"8":[0,0],"9":[0,0],"10":[0,0],"11":[0,0],"12":[0,0],"13":[0,0],"14":[0,0],"15":[0,0],"16":[0,0],"17":[0,0],"18":[0,0],"19":[0,0],"20":[0,0],"21":[0,0],"22":[0,0],"23":[0,0],"24":[0,0,0,0]},"_coverageSchema":"1a1c01bbd47fc00a2c39e90264f33305004495a9","hash":"9a4bf2342e68a7e4b4b32bd384809b3d203810b9"}
}
