{"/Users/ethanwadsworth/OneDrive - UC San Diego/Spring_2022/CSE_112/cse112-sp22-group5/source/modules/break-reminder.js": {"path":"/Users/ethanwadsworth/OneDrive - UC San Diego/Spring_2022/CSE_112/cse112-sp22-group5/source/modules/break-reminder.js","statementMap":{"0":{"start":{"line":10,"column":21},"end":{"line":14,"column":177}},"1":{"start":{"line":16,"column":21},"end":{"line":16,"column":78}},"2":{"start":{"line":18,"column":4},"end":{"line":18,"column":68}},"3":{"start":{"line":19,"column":4},"end":{"line":19,"column":69}},"4":{"start":{"line":20,"column":4},"end":{"line":20,"column":55}},"5":{"start":{"line":23,"column":4},"end":{"line":51,"column":5}},"6":{"start":{"line":26,"column":12},"end":{"line":26,"column":69}},"7":{"start":{"line":27,"column":12},"end":{"line":27,"column":82}},"8":{"start":{"line":28,"column":12},"end":{"line":28,"column":76}},"9":{"start":{"line":29,"column":12},"end":{"line":29,"column":18}},"10":{"start":{"line":32,"column":12},"end":{"line":32,"column":105}},"11":{"start":{"line":33,"column":12},"end":{"line":33,"column":83}},"12":{"start":{"line":34,"column":12},"end":{"line":34,"column":77}},"13":{"start":{"line":35,"column":11},"end":{"line":35,"column":70}},"14":{"start":{"line":36,"column":12},"end":{"line":36,"column":18}},"15":{"start":{"line":39,"column":12},"end":{"line":39,"column":105}},"16":{"start":{"line":40,"column":12},"end":{"line":40,"column":83}},"17":{"start":{"line":41,"column":12},"end":{"line":41,"column":77}},"18":{"start":{"line":42,"column":12},"end":{"line":42,"column":71}},"19":{"start":{"line":43,"column":12},"end":{"line":43,"column":18}},"20":{"start":{"line":46,"column":12},"end":{"line":46,"column":69}},"21":{"start":{"line":47,"column":12},"end":{"line":47,"column":82}},"22":{"start":{"line":48,"column":12},"end":{"line":48,"column":76}},"23":{"start":{"line":49,"column":12},"end":{"line":49,"column":18}}},"fnMap":{"0":{"name":"breakReminders","decl":{"start":{"line":8,"column":9},"end":{"line":8,"column":23}},"loc":{"start":{"line":8,"column":25},"end":{"line":53,"column":1}},"line":8}},"branchMap":{"0":{"loc":{"start":{"line":23,"column":4},"end":{"line":51,"column":5}},"type":"switch","locations":[{"start":{"line":25,"column":8},"end":{"line":29,"column":18}},{"start":{"line":31,"column":8},"end":{"line":36,"column":18}},{"start":{"line":38,"column":8},"end":{"line":43,"column":18}},{"start":{"line":45,"column":8},"end":{"line":49,"column":18}}],"line":23}},"s":{"0":15,"1":15,"2":15,"3":15,"4":15,"5":15,"6":7,"7":7,"8":7,"9":7,"10":2,"11":2,"12":2,"13":2,"14":2,"15":6,"16":6,"17":6,"18":6,"19":6,"20":0,"21":0,"22":0,"23":0},"f":{"0":15},"b":{"0":[7,2,6,0]},"_coverageSchema":"1a1c01bbd47fc00a2c39e90264f33305004495a9","hash":"99c90a8017afd4bd1cb7b0648bbd725179f6b33d"}
,"/Users/ethanwadsworth/OneDrive - UC San Diego/Spring_2022/CSE_112/cse112-sp22-group5/source/modules/color-change.js": {"path":"/Users/ethanwadsworth/OneDrive - UC San Diego/Spring_2022/CSE_112/cse112-sp22-group5/source/modules/color-change.js","statementMap":{"0":{"start":{"line":9,"column":2},"end":{"line":30,"column":3}},"1":{"start":{"line":11,"column":6},"end":{"line":11,"column":49}},"2":{"start":{"line":12,"column":6},"end":{"line":12,"column":76}},"3":{"start":{"line":13,"column":6},"end":{"line":13,"column":81}},"4":{"start":{"line":14,"column":6},"end":{"line":14,"column":12}},"5":{"start":{"line":17,"column":6},"end":{"line":17,"column":50}},"6":{"start":{"line":18,"column":6},"end":{"line":18,"column":77}},"7":{"start":{"line":19,"column":6},"end":{"line":19,"column":12}},"8":{"start":{"line":22,"column":6},"end":{"line":22,"column":49}},"9":{"start":{"line":23,"column":6},"end":{"line":23,"column":76}},"10":{"start":{"line":24,"column":6},"end":{"line":24,"column":12}},"11":{"start":{"line":27,"column":6},"end":{"line":27,"column":49}},"12":{"start":{"line":28,"column":6},"end":{"line":28,"column":76}},"13":{"start":{"line":29,"column":6},"end":{"line":29,"column":12}}},"fnMap":{"0":{"name":"colorChange","decl":{"start":{"line":8,"column":9},"end":{"line":8,"column":20}},"loc":{"start":{"line":8,"column":23},"end":{"line":31,"column":1}},"line":8}},"branchMap":{"0":{"loc":{"start":{"line":9,"column":2},"end":{"line":30,"column":3}},"type":"switch","locations":[{"start":{"line":10,"column":4},"end":{"line":14,"column":12}},{"start":{"line":16,"column":4},"end":{"line":19,"column":12}},{"start":{"line":21,"column":4},"end":{"line":24,"column":12}},{"start":{"line":26,"column":4},"end":{"line":29,"column":12}}],"line":9}},"s":{"0":27,"1":15,"2":15,"3":15,"4":15,"5":4,"6":4,"7":4,"8":8,"9":8,"10":8,"11":0,"12":0,"13":0},"f":{"0":27},"b":{"0":[15,4,8,0]},"_coverageSchema":"1a1c01bbd47fc00a2c39e90264f33305004495a9","hash":"3a330d31db5e23d43ae2a745c280c53dd367813e"}
,"/Users/ethanwadsworth/OneDrive - UC San Diego/Spring_2022/CSE_112/cse112-sp22-group5/source/modules/help.js": {"path":"/Users/ethanwadsworth/OneDrive - UC San Diego/Spring_2022/CSE_112/cse112-sp22-group5/source/modules/help.js","statementMap":{"0":{"start":{"line":7,"column":20},"end":{"line":7,"column":57}},"1":{"start":{"line":8,"column":2},"end":{"line":8,"column":24}},"2":{"start":{"line":17,"column":20},"end":{"line":17,"column":57}},"3":{"start":{"line":18,"column":2},"end":{"line":18,"column":20}}},"fnMap":{"0":{"name":"revealHelp","decl":{"start":{"line":6,"column":9},"end":{"line":6,"column":19}},"loc":{"start":{"line":6,"column":22},"end":{"line":9,"column":1}},"line":6},"1":{"name":"hideHelp","decl":{"start":{"line":16,"column":9},"end":{"line":16,"column":17}},"loc":{"start":{"line":16,"column":20},"end":{"line":19,"column":1}},"line":16}},"branchMap":{},"s":{"0":0,"1":0,"2":0,"3":0},"f":{"0":0,"1":0},"b":{},"_coverageSchema":"1a1c01bbd47fc00a2c39e90264f33305004495a9","hash":"8ce67a2b9eff49ceade01c8d7db76e8bc3453951"}
,"/Users/ethanwadsworth/OneDrive - UC San Diego/Spring_2022/CSE_112/cse112-sp22-group5/source/modules/notifications.js": {"path":"/Users/ethanwadsworth/OneDrive - UC San Diego/Spring_2022/CSE_112/cse112-sp22-group5/source/modules/notifications.js","statementMap":{"0":{"start":{"line":2,"column":12},"end":{"line":2,"column":57}},"1":{"start":{"line":11,"column":4},"end":{"line":11,"column":17}},"2":{"start":{"line":21,"column":19},"end":{"line":21,"column":64}},"3":{"start":{"line":22,"column":4},"end":{"line":22,"column":73}},"4":{"start":{"line":24,"column":4},"end":{"line":24,"column":71}},"5":{"start":{"line":26,"column":4},"end":{"line":26,"column":17}},"6":{"start":{"line":28,"column":4},"end":{"line":28,"column":48}},"7":{"start":{"line":28,"column":26},"end":{"line":28,"column":39}},"8":{"start":{"line":30,"column":4},"end":{"line":30,"column":48}},"9":{"start":{"line":30,"column":26},"end":{"line":30,"column":39}},"10":{"start":{"line":43,"column":16},"end":{"line":43,"column":28}},"11":{"start":{"line":44,"column":15},"end":{"line":44,"column":186}},"12":{"start":{"line":45,"column":15},"end":{"line":45,"column":17}},"13":{"start":{"line":48,"column":4},"end":{"line":56,"column":5}},"14":{"start":{"line":49,"column":8},"end":{"line":49,"column":74}},"15":{"start":{"line":51,"column":9},"end":{"line":56,"column":5}},"16":{"start":{"line":52,"column":8},"end":{"line":52,"column":75}},"17":{"start":{"line":54,"column":9},"end":{"line":56,"column":5}},"18":{"start":{"line":55,"column":8},"end":{"line":55,"column":64}},"19":{"start":{"line":58,"column":4},"end":{"line":66,"column":5}},"20":{"start":{"line":60,"column":24},"end":{"line":60,"column":60}},"21":{"start":{"line":63,"column":8},"end":{"line":65,"column":17}},"22":{"start":{"line":64,"column":12},"end":{"line":64,"column":30}},"23":{"start":{"line":68,"column":4},"end":{"line":68,"column":16}},"24":{"start":{"line":78,"column":4},"end":{"line":80,"column":5}},"25":{"start":{"line":79,"column":8},"end":{"line":79,"column":21}},"26":{"start":{"line":82,"column":4},"end":{"line":91,"column":5}},"27":{"start":{"line":83,"column":8},"end":{"line":83,"column":20}},"28":{"start":{"line":85,"column":9},"end":{"line":91,"column":5}},"29":{"start":{"line":86,"column":8},"end":{"line":86,"column":41}},"30":{"start":{"line":87,"column":8},"end":{"line":87,"column":39}},"31":{"start":{"line":90,"column":8},"end":{"line":90,"column":21}}},"fnMap":{"0":{"name":"getAlarm","decl":{"start":{"line":10,"column":9},"end":{"line":10,"column":17}},"loc":{"start":{"line":10,"column":19},"end":{"line":12,"column":1}},"line":10},"1":{"name":"playSound","decl":{"start":{"line":19,"column":9},"end":{"line":19,"column":18}},"loc":{"start":{"line":19,"column":20},"end":{"line":32,"column":1}},"line":19},"2":{"name":"(anonymous_2)","decl":{"start":{"line":28,"column":15},"end":{"line":28,"column":16}},"loc":{"start":{"line":28,"column":25},"end":{"line":28,"column":40}},"line":28},"3":{"name":"(anonymous_3)","decl":{"start":{"line":30,"column":15},"end":{"line":30,"column":16}},"loc":{"start":{"line":30,"column":25},"end":{"line":30,"column":40}},"line":30},"4":{"name":"showNotif","decl":{"start":{"line":41,"column":9},"end":{"line":41,"column":18}},"loc":{"start":{"line":41,"column":31},"end":{"line":69,"column":1}},"line":41},"5":{"name":"(anonymous_5)","decl":{"start":{"line":63,"column":19},"end":{"line":63,"column":20}},"loc":{"start":{"line":63,"column":25},"end":{"line":65,"column":9}},"line":63},"6":{"name":"getNotificationStatus","decl":{"start":{"line":77,"column":9},"end":{"line":77,"column":30}},"loc":{"start":{"line":77,"column":32},"end":{"line":92,"column":1}},"line":77}},"branchMap":{"0":{"loc":{"start":{"line":48,"column":4},"end":{"line":56,"column":5}},"type":"if","locations":[{"start":{"line":48,"column":4},"end":{"line":56,"column":5}},{"start":{"line":48,"column":4},"end":{"line":56,"column":5}}],"line":48},"1":{"loc":{"start":{"line":51,"column":9},"end":{"line":56,"column":5}},"type":"if","locations":[{"start":{"line":51,"column":9},"end":{"line":56,"column":5}},{"start":{"line":51,"column":9},"end":{"line":56,"column":5}}],"line":51},"2":{"loc":{"start":{"line":54,"column":9},"end":{"line":56,"column":5}},"type":"if","locations":[{"start":{"line":54,"column":9},"end":{"line":56,"column":5}},{"start":{"line":54,"column":9},"end":{"line":56,"column":5}}],"line":54},"3":{"loc":{"start":{"line":58,"column":4},"end":{"line":66,"column":5}},"type":"if","locations":[{"start":{"line":58,"column":4},"end":{"line":66,"column":5}},{"start":{"line":58,"column":4},"end":{"line":66,"column":5}}],"line":58},"4":{"loc":{"start":{"line":78,"column":4},"end":{"line":80,"column":5}},"type":"if","locations":[{"start":{"line":78,"column":4},"end":{"line":80,"column":5}},{"start":{"line":78,"column":4},"end":{"line":80,"column":5}}],"line":78},"5":{"loc":{"start":{"line":82,"column":4},"end":{"line":91,"column":5}},"type":"if","locations":[{"start":{"line":82,"column":4},"end":{"line":91,"column":5}},{"start":{"line":82,"column":4},"end":{"line":91,"column":5}}],"line":82},"6":{"loc":{"start":{"line":85,"column":9},"end":{"line":91,"column":5}},"type":"if","locations":[{"start":{"line":85,"column":9},"end":{"line":91,"column":5}},{"start":{"line":85,"column":9},"end":{"line":91,"column":5}}],"line":85}},"s":{"0":5,"1":2,"2":0,"3":0,"4":0,"5":0,"6":0,"7":0,"8":0,"9":0,"10":3,"11":3,"12":3,"13":3,"14":1,"15":2,"16":1,"17":1,"18":1,"19":3,"20":0,"21":0,"22":0,"23":3,"24":7,"25":3,"26":4,"27":2,"28":2,"29":1,"30":1,"31":1},"f":{"0":2,"1":0,"2":0,"3":0,"4":3,"5":0,"6":7},"b":{"0":[1,2],"1":[1,1],"2":[1,0],"3":[0,3],"4":[3,4],"5":[2,2],"6":[1,1]},"_coverageSchema":"1a1c01bbd47fc00a2c39e90264f33305004495a9","hash":"f1706163df5d9862adbed638be9f530801b35ebd"}
,"/Users/ethanwadsworth/OneDrive - UC San Diego/Spring_2022/CSE_112/cse112-sp22-group5/source/modules/progress-bar.js": {"path":"/Users/ethanwadsworth/OneDrive - UC San Diego/Spring_2022/CSE_112/cse112-sp22-group5/source/modules/progress-bar.js","statementMap":{"0":{"start":{"line":3,"column":15},"end":{"line":3,"column":50}},"1":{"start":{"line":5,"column":14},"end":{"line":5,"column":50}},"2":{"start":{"line":8,"column":22},"end":{"line":8,"column":23}},"3":{"start":{"line":16,"column":2},"end":{"line":16,"column":20}},"4":{"start":{"line":17,"column":2},"end":{"line":17,"column":11}},"5":{"start":{"line":18,"column":2},"end":{"line":20,"column":3}},"6":{"start":{"line":19,"column":4},"end":{"line":19,"column":12}},"7":{"start":{"line":29,"column":2},"end":{"line":33,"column":5}},"8":{"start":{"line":30,"column":4},"end":{"line":32,"column":5}},"9":{"start":{"line":31,"column":6},"end":{"line":31,"column":39}},"10":{"start":{"line":42,"column":2},"end":{"line":44,"column":5}},"11":{"start":{"line":43,"column":4},"end":{"line":43,"column":40}},"12":{"start":{"line":45,"column":2},"end":{"line":45,"column":22}}},"fnMap":{"0":{"name":"progressBar","decl":{"start":{"line":15,"column":9},"end":{"line":15,"column":20}},"loc":{"start":{"line":15,"column":23},"end":{"line":21,"column":1}},"line":15},"1":{"name":"update","decl":{"start":{"line":28,"column":9},"end":{"line":28,"column":15}},"loc":{"start":{"line":28,"column":18},"end":{"line":34,"column":1}},"line":28},"2":{"name":"(anonymous_2)","decl":{"start":{"line":29,"column":18},"end":{"line":29,"column":19}},"loc":{"start":{"line":29,"column":34},"end":{"line":33,"column":3}},"line":29},"3":{"name":"reset","decl":{"start":{"line":41,"column":9},"end":{"line":41,"column":14}},"loc":{"start":{"line":41,"column":17},"end":{"line":46,"column":1}},"line":41},"4":{"name":"(anonymous_4)","decl":{"start":{"line":42,"column":18},"end":{"line":42,"column":19}},"loc":{"start":{"line":42,"column":30},"end":{"line":44,"column":3}},"line":42}},"branchMap":{"0":{"loc":{"start":{"line":18,"column":2},"end":{"line":20,"column":3}},"type":"if","locations":[{"start":{"line":18,"column":2},"end":{"line":20,"column":3}},{"start":{"line":18,"column":2},"end":{"line":20,"column":3}}],"line":18},"1":{"loc":{"start":{"line":30,"column":4},"end":{"line":32,"column":5}},"type":"if","locations":[{"start":{"line":30,"column":4},"end":{"line":32,"column":5}},{"start":{"line":30,"column":4},"end":{"line":32,"column":5}}],"line":30}},"s":{"0":3,"1":3,"2":3,"3":15,"4":15,"5":15,"6":0,"7":15,"8":0,"9":0,"10":1,"11":0,"12":1},"f":{"0":15,"1":15,"2":0,"3":1,"4":0},"b":{"0":[0,15],"1":[0,0]},"_coverageSchema":"1a1c01bbd47fc00a2c39e90264f33305004495a9","hash":"96497168765ca2f9cc596d9840ee8acb7efe6529"}
,"/Users/ethanwadsworth/OneDrive - UC San Diego/Spring_2022/CSE_112/cse112-sp22-group5/source/modules/timer.js": {"path":"/Users/ethanwadsworth/OneDrive - UC San Diego/Spring_2022/CSE_112/cse112-sp22-group5/source/modules/timer.js","statementMap":{"0":{"start":{"line":8,"column":16},"end":{"line":8,"column":18}},"1":{"start":{"line":10,"column":17},"end":{"line":10,"column":18}},"2":{"start":{"line":12,"column":16},"end":{"line":12,"column":18}},"3":{"start":{"line":16,"column":17},"end":{"line":16,"column":29}},"4":{"start":{"line":18,"column":18},"end":{"line":18,"column":37}},"5":{"start":{"line":20,"column":17},"end":{"line":20,"column":35}},"6":{"start":{"line":24,"column":9},"end":{"line":24,"column":13}},"7":{"start":{"line":26,"column":14},"end":{"line":26,"column":16}},"8":{"start":{"line":30,"column":16},"end":{"line":30,"column":17}},"9":{"start":{"line":32,"column":15},"end":{"line":32,"column":16}},"10":{"start":{"line":54,"column":12},"end":{"line":67,"column":1}},"11":{"start":{"line":76,"column":4},"end":{"line":107,"column":5}},"12":{"start":{"line":77,"column":8},"end":{"line":77,"column":37}},"13":{"start":{"line":78,"column":8},"end":{"line":78,"column":49}},"14":{"start":{"line":79,"column":8},"end":{"line":79,"column":64}},"15":{"start":{"line":80,"column":8},"end":{"line":80,"column":79}},"16":{"start":{"line":81,"column":8},"end":{"line":81,"column":110}},"17":{"start":{"line":85,"column":8},"end":{"line":106,"column":9}},"18":{"start":{"line":86,"column":12},"end":{"line":86,"column":41}},"19":{"start":{"line":87,"column":12},"end":{"line":87,"column":53}},"20":{"start":{"line":88,"column":12},"end":{"line":88,"column":68}},"21":{"start":{"line":89,"column":12},"end":{"line":90,"column":34}},"22":{"start":{"line":91,"column":12},"end":{"line":91,"column":68}},"23":{"start":{"line":95,"column":12},"end":{"line":95,"column":42}},"24":{"start":{"line":96,"column":12},"end":{"line":96,"column":54}},"25":{"start":{"line":97,"column":12},"end":{"line":97,"column":69}},"26":{"start":{"line":98,"column":12},"end":{"line":99,"column":35}},"27":{"start":{"line":101,"column":12},"end":{"line":104,"column":13}},"28":{"start":{"line":102,"column":27},"end":{"line":102,"column":77}},"29":{"start":{"line":103,"column":16},"end":{"line":103,"column":80}},"30":{"start":{"line":105,"column":12},"end":{"line":105,"column":68}},"31":{"start":{"line":108,"column":4},"end":{"line":108,"column":18}},"32":{"start":{"line":118,"column":4},"end":{"line":152,"column":5}},"33":{"start":{"line":119,"column":8},"end":{"line":119,"column":61}},"34":{"start":{"line":121,"column":8},"end":{"line":138,"column":9}},"35":{"start":{"line":122,"column":12},"end":{"line":122,"column":41}},"36":{"start":{"line":123,"column":12},"end":{"line":123,"column":68}},"37":{"start":{"line":124,"column":12},"end":{"line":125,"column":34}},"38":{"start":{"line":129,"column":12},"end":{"line":129,"column":42}},"39":{"start":{"line":130,"column":12},"end":{"line":130,"column":69}},"40":{"start":{"line":131,"column":12},"end":{"line":132,"column":35}},"41":{"start":{"line":133,"column":23},"end":{"line":133,"column":73}},"42":{"start":{"line":134,"column":12},"end":{"line":137,"column":13}},"43":{"start":{"line":135,"column":16},"end":{"line":135,"column":34}},"44":{"start":{"line":136,"column":16},"end":{"line":136,"column":74}},"45":{"start":{"line":139,"column":8},"end":{"line":139,"column":64}},"46":{"start":{"line":144,"column":8},"end":{"line":144,"column":37}},"47":{"start":{"line":145,"column":8},"end":{"line":145,"column":64}},"48":{"start":{"line":146,"column":8},"end":{"line":146,"column":79}},"49":{"start":{"line":147,"column":8},"end":{"line":147,"column":64}},"50":{"start":{"line":149,"column":8},"end":{"line":151,"column":9}},"51":{"start":{"line":150,"column":12},"end":{"line":150,"column":70}},"52":{"start":{"line":153,"column":4},"end":{"line":153,"column":18}},"53":{"start":{"line":154,"column":4},"end":{"line":154,"column":21}},"54":{"start":{"line":155,"column":4},"end":{"line":155,"column":18}},"55":{"start":{"line":165,"column":16},"end":{"line":165,"column":26}},"56":{"start":{"line":177,"column":8},"end":{"line":177,"column":60}},"57":{"start":{"line":180,"column":8},"end":{"line":180,"column":39}},"58":{"start":{"line":181,"column":8},"end":{"line":181,"column":39}},"59":{"start":{"line":184,"column":8},"end":{"line":184,"column":57}},"60":{"start":{"line":185,"column":8},"end":{"line":185,"column":57}},"61":{"start":{"line":187,"column":8},"end":{"line":188,"column":36}},"62":{"start":{"line":191,"column":8},"end":{"line":215,"column":9}},"63":{"start":{"line":192,"column":12},"end":{"line":192,"column":35}},"64":{"start":{"line":195,"column":12},"end":{"line":203,"column":13}},"65":{"start":{"line":196,"column":16},"end":{"line":196,"column":39}},"66":{"start":{"line":197,"column":16},"end":{"line":197,"column":83}},"67":{"start":{"line":199,"column":16},"end":{"line":199,"column":43}},"68":{"start":{"line":200,"column":16},"end":{"line":200,"column":86}},"69":{"start":{"line":202,"column":16},"end":{"line":202,"column":84}},"70":{"start":{"line":206,"column":12},"end":{"line":206,"column":69}},"71":{"start":{"line":207,"column":12},"end":{"line":207,"column":37}},"72":{"start":{"line":210,"column":12},"end":{"line":210,"column":26}},"73":{"start":{"line":211,"column":12},"end":{"line":211,"column":39}},"74":{"start":{"line":212,"column":12},"end":{"line":214,"column":13}},"75":{"start":{"line":213,"column":16},"end":{"line":213,"column":28}},"76":{"start":{"line":216,"column":8},"end":{"line":220,"column":9}},"77":{"start":{"line":219,"column":12},"end":{"line":219,"column":38}},"78":{"start":{"line":223,"column":4},"end":{"line":223,"column":21}},"79":{"start":{"line":224,"column":4},"end":{"line":224,"column":46}},"80":{"start":{"line":232,"column":16},"end":{"line":232,"column":52}},"81":{"start":{"line":233,"column":17},"end":{"line":233,"column":60}},"82":{"start":{"line":234,"column":17},"end":{"line":234,"column":59}},"83":{"start":{"line":235,"column":18},"end":{"line":235,"column":52}},"84":{"start":{"line":236,"column":22},"end":{"line":236,"column":62}},"85":{"start":{"line":237,"column":23},"end":{"line":237,"column":70}},"86":{"start":{"line":238,"column":23},"end":{"line":238,"column":69}},"87":{"start":{"line":240,"column":4},"end":{"line":240,"column":40}},"88":{"start":{"line":241,"column":4},"end":{"line":241,"column":42}},"89":{"start":{"line":242,"column":4},"end":{"line":242,"column":42}},"90":{"start":{"line":244,"column":4},"end":{"line":257,"column":3}},"91":{"start":{"line":246,"column":6},"end":{"line":246,"column":76}},"92":{"start":{"line":247,"column":6},"end":{"line":247,"column":38}},"93":{"start":{"line":250,"column":6},"end":{"line":250,"column":41}},"94":{"start":{"line":251,"column":6},"end":{"line":251,"column":43}},"95":{"start":{"line":252,"column":6},"end":{"line":252,"column":42}},"96":{"start":{"line":253,"column":6},"end":{"line":253,"column":42}},"97":{"start":{"line":254,"column":6},"end":{"line":254,"column":44}},"98":{"start":{"line":255,"column":6},"end":{"line":255,"column":44}},"99":{"start":{"line":256,"column":6},"end":{"line":256,"column":13}},"100":{"start":{"line":260,"column":4},"end":{"line":260,"column":35}},"101":{"start":{"line":263,"column":4},"end":{"line":263,"column":36}},"102":{"start":{"line":264,"column":4},"end":{"line":264,"column":75}},"103":{"start":{"line":265,"column":4},"end":{"line":265,"column":38}},"104":{"start":{"line":266,"column":4},"end":{"line":266,"column":37}},"105":{"start":{"line":275,"column":4},"end":{"line":275,"column":28}},"106":{"start":{"line":276,"column":4},"end":{"line":276,"column":66}},"107":{"start":{"line":279,"column":4},"end":{"line":279,"column":112}},"108":{"start":{"line":280,"column":4},"end":{"line":280,"column":63}},"109":{"start":{"line":282,"column":4},"end":{"line":282,"column":60}},"110":{"start":{"line":283,"column":4},"end":{"line":283,"column":61}},"111":{"start":{"line":285,"column":4},"end":{"line":285,"column":17}},"112":{"start":{"line":286,"column":4},"end":{"line":286,"column":36}},"113":{"start":{"line":295,"column":4},"end":{"line":295,"column":60}},"114":{"start":{"line":296,"column":4},"end":{"line":296,"column":61}},"115":{"start":{"line":297,"column":4},"end":{"line":297,"column":62}},"116":{"start":{"line":298,"column":4},"end":{"line":298,"column":72}},"117":{"start":{"line":299,"column":4},"end":{"line":299,"column":29}},"118":{"start":{"line":300,"column":4},"end":{"line":301,"column":41}},"119":{"start":{"line":302,"column":4},"end":{"line":302,"column":27}},"120":{"start":{"line":303,"column":4},"end":{"line":303,"column":17}},"121":{"start":{"line":304,"column":4},"end":{"line":304,"column":57}},"122":{"start":{"line":314,"column":4},"end":{"line":314,"column":58}},"123":{"start":{"line":322,"column":4},"end":{"line":322,"column":54}},"124":{"start":{"line":324,"column":4},"end":{"line":326,"column":5}},"125":{"start":{"line":325,"column":8},"end":{"line":325,"column":66}},"126":{"start":{"line":327,"column":4},"end":{"line":327,"column":64}},"127":{"start":{"line":337,"column":4},"end":{"line":350,"column":5}},"128":{"start":{"line":338,"column":8},"end":{"line":349,"column":9}},"129":{"start":{"line":340,"column":12},"end":{"line":348,"column":13}},"130":{"start":{"line":341,"column":16},"end":{"line":341,"column":26}},"131":{"start":{"line":345,"column":16},"end":{"line":347,"column":17}},"132":{"start":{"line":346,"column":20},"end":{"line":346,"column":30}}},"fnMap":{"0":{"name":"checkState","decl":{"start":{"line":74,"column":9},"end":{"line":74,"column":19}},"loc":{"start":{"line":74,"column":22},"end":{"line":109,"column":1}},"line":74},"1":{"name":"updateState","decl":{"start":{"line":116,"column":9},"end":{"line":116,"column":20}},"loc":{"start":{"line":116,"column":23},"end":{"line":156,"column":1}},"line":116},"2":{"name":"updateTimer","decl":{"start":{"line":164,"column":9},"end":{"line":164,"column":20}},"loc":{"start":{"line":164,"column":31},"end":{"line":225,"column":1}},"line":164},"3":{"name":"timerCountdown","decl":{"start":{"line":175,"column":13},"end":{"line":175,"column":27}},"loc":{"start":{"line":175,"column":30},"end":{"line":221,"column":5}},"line":175},"4":{"name":"setCustomTime","decl":{"start":{"line":231,"column":9},"end":{"line":231,"column":22}},"loc":{"start":{"line":231,"column":25},"end":{"line":267,"column":1}},"line":231},"5":{"name":"onStart","decl":{"start":{"line":274,"column":9},"end":{"line":274,"column":16}},"loc":{"start":{"line":274,"column":19},"end":{"line":287,"column":1}},"line":274},"6":{"name":"onReset","decl":{"start":{"line":294,"column":9},"end":{"line":294,"column":16}},"loc":{"start":{"line":294,"column":19},"end":{"line":306,"column":1}},"line":294},"7":{"name":"revealSettings","decl":{"start":{"line":313,"column":9},"end":{"line":313,"column":23}},"loc":{"start":{"line":313,"column":26},"end":{"line":315,"column":1}},"line":313},"8":{"name":"hideSettings","decl":{"start":{"line":321,"column":9},"end":{"line":321,"column":21}},"loc":{"start":{"line":321,"column":24},"end":{"line":328,"column":1}},"line":321},"9":{"name":"keyboardShortcut","decl":{"start":{"line":336,"column":9},"end":{"line":336,"column":25}},"loc":{"start":{"line":336,"column":33},"end":{"line":351,"column":1}},"line":336}},"branchMap":{"0":{"loc":{"start":{"line":76,"column":4},"end":{"line":107,"column":5}},"type":"if","locations":[{"start":{"line":76,"column":4},"end":{"line":107,"column":5}},{"start":{"line":76,"column":4},"end":{"line":107,"column":5}}],"line":76},"1":{"loc":{"start":{"line":85,"column":8},"end":{"line":106,"column":9}},"type":"if","locations":[{"start":{"line":85,"column":8},"end":{"line":106,"column":9}},{"start":{"line":85,"column":8},"end":{"line":106,"column":9}}],"line":85},"2":{"loc":{"start":{"line":101,"column":12},"end":{"line":104,"column":13}},"type":"if","locations":[{"start":{"line":101,"column":12},"end":{"line":104,"column":13}},{"start":{"line":101,"column":12},"end":{"line":104,"column":13}}],"line":101},"3":{"loc":{"start":{"line":118,"column":4},"end":{"line":152,"column":5}},"type":"if","locations":[{"start":{"line":118,"column":4},"end":{"line":152,"column":5}},{"start":{"line":118,"column":4},"end":{"line":152,"column":5}}],"line":118},"4":{"loc":{"start":{"line":121,"column":8},"end":{"line":138,"column":9}},"type":"if","locations":[{"start":{"line":121,"column":8},"end":{"line":138,"column":9}},{"start":{"line":121,"column":8},"end":{"line":138,"column":9}}],"line":121},"5":{"loc":{"start":{"line":134,"column":12},"end":{"line":137,"column":13}},"type":"if","locations":[{"start":{"line":134,"column":12},"end":{"line":137,"column":13}},{"start":{"line":134,"column":12},"end":{"line":137,"column":13}}],"line":134},"6":{"loc":{"start":{"line":149,"column":8},"end":{"line":151,"column":9}},"type":"if","locations":[{"start":{"line":149,"column":8},"end":{"line":151,"column":9}},{"start":{"line":149,"column":8},"end":{"line":151,"column":9}}],"line":149},"7":{"loc":{"start":{"line":184,"column":18},"end":{"line":184,"column":56}},"type":"cond-expr","locations":[{"start":{"line":184,"column":33},"end":{"line":184,"column":46}},{"start":{"line":184,"column":49},"end":{"line":184,"column":56}}],"line":184},"8":{"loc":{"start":{"line":185,"column":18},"end":{"line":185,"column":56}},"type":"cond-expr","locations":[{"start":{"line":185,"column":33},"end":{"line":185,"column":46}},{"start":{"line":185,"column":49},"end":{"line":185,"column":56}}],"line":185},"9":{"loc":{"start":{"line":191,"column":8},"end":{"line":215,"column":9}},"type":"if","locations":[{"start":{"line":191,"column":8},"end":{"line":215,"column":9}},{"start":{"line":191,"column":8},"end":{"line":215,"column":9}}],"line":191},"10":{"loc":{"start":{"line":191,"column":11},"end":{"line":191,"column":39}},"type":"binary-expr","locations":[{"start":{"line":191,"column":11},"end":{"line":191,"column":23}},{"start":{"line":191,"column":27},"end":{"line":191,"column":39}}],"line":191},"11":{"loc":{"start":{"line":195,"column":12},"end":{"line":203,"column":13}},"type":"if","locations":[{"start":{"line":195,"column":12},"end":{"line":203,"column":13}},{"start":{"line":195,"column":12},"end":{"line":203,"column":13}}],"line":195},"12":{"loc":{"start":{"line":212,"column":12},"end":{"line":214,"column":13}},"type":"if","locations":[{"start":{"line":212,"column":12},"end":{"line":214,"column":13}},{"start":{"line":212,"column":12},"end":{"line":214,"column":13}}],"line":212},"13":{"loc":{"start":{"line":216,"column":8},"end":{"line":220,"column":9}},"type":"if","locations":[{"start":{"line":216,"column":8},"end":{"line":220,"column":9}},{"start":{"line":216,"column":8},"end":{"line":220,"column":9}}],"line":216},"14":{"loc":{"start":{"line":244,"column":4},"end":{"line":257,"column":3}},"type":"if","locations":[{"start":{"line":244,"column":4},"end":{"line":257,"column":3}},{"start":{"line":244,"column":4},"end":{"line":257,"column":3}}],"line":244},"15":{"loc":{"start":{"line":244,"column":7},"end":{"line":244,"column":97}},"type":"binary-expr","locations":[{"start":{"line":244,"column":7},"end":{"line":244,"column":50}},{"start":{"line":244,"column":54},"end":{"line":244,"column":97}}],"line":244},"16":{"loc":{"start":{"line":324,"column":4},"end":{"line":326,"column":5}},"type":"if","locations":[{"start":{"line":324,"column":4},"end":{"line":326,"column":5}},{"start":{"line":324,"column":4},"end":{"line":326,"column":5}}],"line":324},"17":{"loc":{"start":{"line":337,"column":4},"end":{"line":350,"column":5}},"type":"if","locations":[{"start":{"line":337,"column":4},"end":{"line":350,"column":5}},{"start":{"line":337,"column":4},"end":{"line":350,"column":5}}],"line":337},"18":{"loc":{"start":{"line":338,"column":8},"end":{"line":349,"column":9}},"type":"if","locations":[{"start":{"line":338,"column":8},"end":{"line":349,"column":9}},{"start":{"line":338,"column":8},"end":{"line":349,"column":9}}],"line":338},"19":{"loc":{"start":{"line":340,"column":12},"end":{"line":348,"column":13}},"type":"if","locations":[{"start":{"line":340,"column":12},"end":{"line":348,"column":13}},{"start":{"line":340,"column":12},"end":{"line":348,"column":13}}],"line":340},"20":{"loc":{"start":{"line":345,"column":16},"end":{"line":347,"column":17}},"type":"if","locations":[{"start":{"line":345,"column":16},"end":{"line":347,"column":17}},{"start":{"line":345,"column":16},"end":{"line":347,"column":17}}],"line":345}},"s":{"0":3,"1":3,"2":3,"3":3,"4":3,"5":3,"6":3,"7":3,"8":3,"9":3,"10":3,"11":9,"12":7,"13":7,"14":7,"15":7,"16":7,"17":2,"18":1,"19":1,"20":1,"21":1,"22":1,"23":1,"24":1,"25":1,"26":1,"27":1,"28":1,"29":1,"30":1,"31":9,"32":15,"33":8,"34":8,"35":6,"36":6,"37":6,"38":2,"39":2,"40":2,"41":2,"42":2,"43":2,"44":2,"45":8,"46":7,"47":7,"48":7,"49":7,"50":7,"51":0,"52":15,"53":15,"54":15,"55":3,"56":3,"57":3,"58":3,"59":3,"60":3,"61":3,"62":3,"63":0,"64":0,"65":0,"66":0,"67":0,"68":0,"69":0,"70":0,"71":0,"72":0,"73":0,"74":0,"75":0,"76":3,"77":0,"78":3,"79":3,"80":0,"81":0,"82":0,"83":0,"84":0,"85":0,"86":0,"87":0,"88":0,"89":0,"90":0,"91":0,"92":0,"93":0,"94":0,"95":0,"96":0,"97":0,"98":0,"99":0,"100":0,"101":0,"102":0,"103":0,"104":0,"105":3,"106":3,"107":3,"108":3,"109":3,"110":3,"111":3,"112":3,"113":3,"114":3,"115":3,"116":3,"117":3,"118":3,"119":3,"120":3,"121":3,"122":0,"123":0,"124":0,"125":0,"126":0,"127":0,"128":0,"129":0,"130":0,"131":0,"132":0},"f":{"0":9,"1":15,"2":3,"3":3,"4":0,"5":3,"6":3,"7":0,"8":0,"9":0},"b":{"0":[7,2],"1":[1,1],"2":[1,0],"3":[8,7],"4":[6,2],"5":[2,0],"6":[0,7],"7":[0,3],"8":[3,0],"9":[0,3],"10":[3,0],"11":[0,0],"12":[0,0],"13":[0,3],"14":[0,0],"15":[0,0],"16":[0,0],"17":[0,0],"18":[0,0],"19":[0,0],"20":[0,0]},"_coverageSchema":"1a1c01bbd47fc00a2c39e90264f33305004495a9","hash":"3338c142e598e1d74ff7be8a84243257370bb803"}
}
